c:\users\student\desktop\project00\project\debug\vc140.pdb
c:\users\student\desktop\project00\project\debug\vc140.idb
c:\users\student\desktop\project00\project\debug\object.obj
c:\users\student\desktop\project00\project\debug\object2d.obj
c:\users\student\desktop\project00\project\debug\object3d.obj
c:\users\student\desktop\project00\project\debug\objectx.obj
c:\users\student\desktop\project00\project\debug\particle.obj
c:\users\student\desktop\project00\project\debug\pause.obj
c:\users\student\desktop\project00\project\debug\playermodel.obj
c:\users\student\desktop\project00\project\debug\polygon.obj
c:\users\student\desktop\project00\project\debug\precompile.obj
c:\users\student\desktop\project00\project\debug\ranking.obj
c:\users\student\desktop\project00\project\debug\renderer.obj
c:\users\student\desktop\project00\project\debug\result.obj
c:\users\student\desktop\project00\project\debug\score.obj
c:\users\student\desktop\project00\project\debug\sound.obj
c:\users\student\desktop\project00\project\debug\texture.obj
c:\users\student\desktop\project00\project\debug\time.obj
c:\users\student\desktop\project00\project\debug\title.obj
c:\users\student\desktop\project00\project\debug\titletex.obj
c:\users\student\desktop\project00\project\debug\tutrial.obj
c:\users\student\desktop\project00\project\debug\wall.obj
c:\users\student\desktop\project00\project\debug\debugproc.obj
c:\users\student\desktop\project00\project\debug\edit.obj
c:\users\student\desktop\project00\project\debug\effect.obj
c:\users\student\desktop\project00\project\debug\explosion.obj
c:\users\student\desktop\project00\project\debug\fade.obj
c:\users\student\desktop\project00\project\debug\field.obj
c:\users\student\desktop\project00\project\debug\game.obj
c:\users\student\desktop\project00\project\debug\input.obj
c:\users\student\desktop\project00\project\debug\itemx.obj
c:\users\student\desktop\project00\project\debug\life.obj
c:\users\student\desktop\project00\project\debug\light.obj
c:\users\student\desktop\project00\project\debug\main.obj
c:\users\student\desktop\project00\project\debug\manager.obj
c:\users\student\desktop\project00\project\debug\map.obj
c:\users\student\desktop\project00\project\debug\material.obj
c:\users\student\desktop\project00\project\debug\model.obj
c:\users\student\desktop\project00\project\debug\modelhierarchy.obj
c:\users\student\desktop\project00\project\debug\motion.obj
c:\users\student\desktop\project00\project\debug\multibg.obj
c:\users\student\desktop\project00\project\debug\number.obj
c:\users\student\desktop\project00\project\debug\bg.obj
c:\users\student\desktop\project00\project\debug\billboard.obj
c:\users\student\desktop\project00\project\debug\block.obj
c:\users\student\desktop\project00\project\debug\blockx.obj
c:\users\student\desktop\project00\project\debug\camera.obj
c:\users\student\desktop\project00\project\debug\player.obj
c:\users\student\desktop\project00\project\debug\xfile.obj
c:\users\student\desktop\project00\project\debug\bullet.obj
c:\users\student\desktop\project00\project\debug\enemy.obj
c:\users\student\desktop\project00\project\debug\character.obj
c:\users\student\desktop\project00\project\debug\project.ilk
c:\users\student\desktop\project00\project\debug\project.exe
c:\users\student\desktop\project00\project\debug\project.pdb
c:\users\student\desktop\project00\project\debug\player.obj.enc
c:\users\student\desktop\project00\project\debug\project.tlog\cl.command.1.tlog
c:\users\student\desktop\project00\project\debug\project.tlog\cl.read.1.tlog
c:\users\student\desktop\project00\project\debug\project.tlog\cl.write.1.tlog
c:\users\student\desktop\project00\project\debug\project.tlog\link.command.1.tlog
c:\users\student\desktop\project00\project\debug\project.tlog\link.read.1.tlog
c:\users\student\desktop\project00\project\debug\project.tlog\link.write.1.tlog
