wall.obj : warning LNK4204: 'C:\Users\student\Desktop\Project00\Project\Debug\vc140.pdb' に参照するモジュールのデバッグ情報がありません。デバッグ情報を無視してオブジェクトをリンクします。
tutrial.obj : warning LNK4204: 'C:\Users\student\Desktop\Project00\Project\Debug\vc140.pdb' に参照するモジュールのデバッグ情報がありません。デバッグ情報を無視してオブジェクトをリンクします。
titleTex.obj : warning LNK4204: 'C:\Users\student\Desktop\Project00\Project\Debug\vc140.pdb' に参照するモジュールのデバッグ情報がありません。デバッグ情報を無視してオブジェクトをリンクします。
title.obj : warning LNK4204: 'C:\Users\student\Desktop\Project00\Project\Debug\vc140.pdb' に参照するモジュールのデバッグ情報がありません。デバッグ情報を無視してオブジェクトをリンクします。
time.obj : warning LNK4204: 'C:\Users\student\Desktop\Project00\Project\Debug\vc140.pdb' に参照するモジュールのデバッグ情報がありません。デバッグ情報を無視してオブジェクトをリンクします。
texture.obj : warning LNK4204: 'C:\Users\student\Desktop\Project00\Project\Debug\vc140.pdb' に参照するモジュールのデバッグ情報がありません。デバッグ情報を無視してオブジェクトをリンクします。
sound.obj : warning LNK4204: 'C:\Users\student\Desktop\Project00\Project\Debug\vc140.pdb' に参照するモジュールのデバッグ情報がありません。デバッグ情報を無視してオブジェクトをリンクします。
score.obj : warning LNK4204: 'C:\Users\student\Desktop\Project00\Project\Debug\vc140.pdb' に参照するモジュールのデバッグ情報がありません。デバッグ情報を無視してオブジェクトをリンクします。
result.obj : warning LNK4204: 'C:\Users\student\Desktop\Project00\Project\Debug\vc140.pdb' に参照するモジュールのデバッグ情報がありません。デバッグ情報を無視してオブジェクトをリンクします。
renderer.obj : warning LNK4204: 'C:\Users\student\Desktop\Project00\Project\Debug\vc140.pdb' に参照するモジュールのデバッグ情報がありません。デバッグ情報を無視してオブジェクトをリンクします。
ranking.obj : warning LNK4204: 'C:\Users\student\Desktop\Project00\Project\Debug\vc140.pdb' に参照するモジュールのデバッグ情報がありません。デバッグ情報を無視してオブジェクトをリンクします。
precompile.obj : warning LNK4204: 'C:\Users\student\Desktop\Project00\Project\Debug\vc140.pdb' に参照するモジュールのデバッグ情報がありません。デバッグ情報を無視してオブジェクトをリンクします。
polygon.obj : warning LNK4204: 'C:\Users\student\Desktop\Project00\Project\Debug\vc140.pdb' に参照するモジュールのデバッグ情報がありません。デバッグ情報を無視してオブジェクトをリンクします。
pause.obj : warning LNK4204: 'C:\Users\student\Desktop\Project00\Project\Debug\vc140.pdb' に参照するモジュールのデバッグ情報がありません。デバッグ情報を無視してオブジェクトをリンクします。
particle.obj : warning LNK4204: 'C:\Users\student\Desktop\Project00\Project\Debug\vc140.pdb' に参照するモジュールのデバッグ情報がありません。デバッグ情報を無視してオブジェクトをリンクします。
objectX.obj : warning LNK4204: 'C:\Users\student\Desktop\Project00\Project\Debug\vc140.pdb' に参照するモジュールのデバッグ情報がありません。デバッグ情報を無視してオブジェクトをリンクします。
object3D.obj : warning LNK4204: 'C:\Users\student\Desktop\Project00\Project\Debug\vc140.pdb' に参照するモジュールのデバッグ情報がありません。デバッグ情報を無視してオブジェクトをリンクします。
object2D.obj : warning LNK4204: 'C:\Users\student\Desktop\Project00\Project\Debug\vc140.pdb' に参照するモジュールのデバッグ情報がありません。デバッグ情報を無視してオブジェクトをリンクします。
object.obj : warning LNK4204: 'C:\Users\student\Desktop\Project00\Project\Debug\vc140.pdb' に参照するモジュールのデバッグ情報がありません。デバッグ情報を無視してオブジェクトをリンクします。
number.obj : warning LNK4204: 'C:\Users\student\Desktop\Project00\Project\Debug\vc140.pdb' に参照するモジュールのデバッグ情報がありません。デバッグ情報を無視してオブジェクトをリンクします。
multibg.obj : warning LNK4204: 'C:\Users\student\Desktop\Project00\Project\Debug\vc140.pdb' に参照するモジュールのデバッグ情報がありません。デバッグ情報を無視してオブジェクトをリンクします。
motion.obj : warning LNK4204: 'C:\Users\student\Desktop\Project00\Project\Debug\vc140.pdb' に参照するモジュールのデバッグ情報がありません。デバッグ情報を無視してオブジェクトをリンクします。
modelHierarchy.obj : warning LNK4204: 'C:\Users\student\Desktop\Project00\Project\Debug\vc140.pdb' に参照するモジュールのデバッグ情報がありません。デバッグ情報を無視してオブジェクトをリンクします。
model.obj : warning LNK4204: 'C:\Users\student\Desktop\Project00\Project\Debug\vc140.pdb' に参照するモジュールのデバッグ情報がありません。デバッグ情報を無視してオブジェクトをリンクします。
Xfile.obj : warning LNK4204: 'C:\Users\student\Desktop\Project00\Project\Debug\vc140.pdb' に参照するモジュールのデバッグ情報がありません。デバッグ情報を無視してオブジェクトをリンクします。
main.obj : warning LNK4204: 'C:\Users\student\Desktop\Project00\Project\Debug\vc140.pdb' に参照するモジュールのデバッグ情報がありません。デバッグ情報を無視してオブジェクトをリンクします。
light.obj : warning LNK4204: 'C:\Users\student\Desktop\Project00\Project\Debug\vc140.pdb' に参照するモジュールのデバッグ情報がありません。デバッグ情報を無視してオブジェクトをリンクします。
input.obj : warning LNK4204: 'C:\Users\student\Desktop\Project00\Project\Debug\vc140.pdb' に参照するモジュールのデバッグ情報がありません。デバッグ情報を無視してオブジェクトをリンクします。
field.obj : warning LNK4204: 'C:\Users\student\Desktop\Project00\Project\Debug\vc140.pdb' に参照するモジュールのデバッグ情報がありません。デバッグ情報を無視してオブジェクトをリンクします。
fade.obj : warning LNK4204: 'C:\Users\student\Desktop\Project00\Project\Debug\vc140.pdb' に参照するモジュールのデバッグ情報がありません。デバッグ情報を無視してオブジェクトをリンクします。
explosion.obj : warning LNK4204: 'C:\Users\student\Desktop\Project00\Project\Debug\vc140.pdb' に参照するモジュールのデバッグ情報がありません。デバッグ情報を無視してオブジェクトをリンクします。
effect.obj : warning LNK4204: 'C:\Users\student\Desktop\Project00\Project\Debug\vc140.pdb' に参照するモジュールのデバッグ情報がありません。デバッグ情報を無視してオブジェクトをリンクします。
debugproc.obj : warning LNK4204: 'C:\Users\student\Desktop\Project00\Project\Debug\vc140.pdb' に参照するモジュールのデバッグ情報がありません。デバッグ情報を無視してオブジェクトをリンクします。
character.obj : warning LNK4204: 'C:\Users\student\Desktop\Project00\Project\Debug\vc140.pdb' に参照するモジュールのデバッグ情報がありません。デバッグ情報を無視してオブジェクトをリンクします。
billboard.obj : warning LNK4204: 'C:\Users\student\Desktop\Project00\Project\Debug\vc140.pdb' に参照するモジュールのデバッグ情報がありません。デバッグ情報を無視してオブジェクトをリンクします。
bg.obj : warning LNK4204: 'C:\Users\student\Desktop\Project00\Project\Debug\vc140.pdb' に参照するモジュールのデバッグ情報がありません。デバッグ情報を無視してオブジェクトをリンクします。
  project.vcxproj -> C:\Users\student\Desktop\Project00\Project\Debug\project.exe
  project.vcxproj -> C:\Users\student\Desktop\Project00\Project\Debug\project.pdb (Full PDB)
