  bg.cpp
c:\users\student\desktop\project00\project\code\main.h(15): fatal error C1083: include ファイルを開けません。'd3dx9.h':No such file or directory
  billboard.cpp
c:\users\student\desktop\project00\project\code\main.h(15): fatal error C1083: include ファイルを開けません。'd3dx9.h':No such file or directory
  bullet.cpp
c:\users\student\desktop\project00\project\code\main.h(15): fatal error C1083: include ファイルを開けません。'd3dx9.h':No such file or directory
  camera.cpp
c:\users\student\desktop\project00\project\code\main.h(15): fatal error C1083: include ファイルを開けません。'd3dx9.h':No such file or directory
  character.cpp
c:\users\student\desktop\project00\project\code\main.h(15): fatal error C1083: include ファイルを開けません。'd3dx9.h':No such file or directory
  debugproc.cpp
c:\users\student\desktop\project00\project\code\main.h(15): fatal error C1083: include ファイルを開けません。'd3dx9.h':No such file or directory
  edit.cpp
c:\users\student\desktop\project00\project\code\main.h(15): fatal error C1083: include ファイルを開けません。'd3dx9.h':No such file or directory
  effect.cpp
c:\users\student\desktop\project00\project\code\main.h(15): fatal error C1083: include ファイルを開けません。'd3dx9.h':No such file or directory
  enemy.cpp
c:\users\student\desktop\project00\project\code\main.h(15): fatal error C1083: include ファイルを開けません。'd3dx9.h':No such file or directory
  explosion.cpp
c:\users\student\desktop\project00\project\code\main.h(15): fatal error C1083: include ファイルを開けません。'd3dx9.h':No such file or directory
  fade.cpp
c:\users\student\desktop\project00\project\code\main.h(15): fatal error C1083: include ファイルを開けません。'd3dx9.h':No such file or directory
  field.cpp
c:\users\student\desktop\project00\project\code\main.h(15): fatal error C1083: include ファイルを開けません。'd3dx9.h':No such file or directory
  game.cpp
c:\users\student\desktop\project00\project\code\main.h(15): fatal error C1083: include ファイルを開けません。'd3dx9.h':No such file or directory
  input.cpp
c:\users\student\desktop\project00\project\code\main.h(15): fatal error C1083: include ファイルを開けません。'd3dx9.h':No such file or directory
  itemX.cpp
c:\users\student\desktop\project00\project\code\main.h(15): fatal error C1083: include ファイルを開けません。'd3dx9.h':No such file or directory
  life.cpp
c:\users\student\desktop\project00\project\code\main.h(15): fatal error C1083: include ファイルを開けません。'd3dx9.h':No such file or directory
  light.cpp
c:\users\student\desktop\project00\project\code\main.h(15): fatal error C1083: include ファイルを開けません。'd3dx9.h':No such file or directory
  main.cpp
c:\users\student\desktop\project00\project\code\main.h(15): fatal error C1083: include ファイルを開けません。'd3dx9.h':No such file or directory
  manager.cpp
c:\users\student\desktop\project00\project\code\main.h(15): fatal error C1083: include ファイルを開けません。'd3dx9.h':No such file or directory
  map.cpp
c:\users\student\desktop\project00\project\code\main.h(15): fatal error C1083: include ファイルを開けません。'd3dx9.h':No such file or directory
  コンパイル中...
  Xfile.cpp
c:\users\student\desktop\project00\project\code\main.h(15): fatal error C1083: include ファイルを開けません。'd3dx9.h':No such file or directory
  model.cpp
c:\users\student\desktop\project00\project\code\main.h(15): fatal error C1083: include ファイルを開けません。'd3dx9.h':No such file or directory
  modelHierarchy.cpp
c:\users\student\desktop\project00\project\code\main.h(15): fatal error C1083: include ファイルを開けません。'd3dx9.h':No such file or directory
  motion.cpp
c:\users\student\desktop\project00\project\code\main.h(15): fatal error C1083: include ファイルを開けません。'd3dx9.h':No such file or directory
  multibg.cpp
c:\users\student\desktop\project00\project\code\main.h(15): fatal error C1083: include ファイルを開けません。'd3dx9.h':No such file or directory
  number.cpp
c:\users\student\desktop\project00\project\code\main.h(15): fatal error C1083: include ファイルを開けません。'd3dx9.h':No such file or directory
  object.cpp
c:\users\student\desktop\project00\project\code\main.h(15): fatal error C1083: include ファイルを開けません。'd3dx9.h':No such file or directory
  object2D.cpp
c:\users\student\desktop\project00\project\code\main.h(15): fatal error C1083: include ファイルを開けません。'd3dx9.h':No such file or directory
  object3D.cpp
c:\users\student\desktop\project00\project\code\main.h(15): fatal error C1083: include ファイルを開けません。'd3dx9.h':No such file or directory
  objectX.cpp
c:\users\student\desktop\project00\project\code\main.h(15): fatal error C1083: include ファイルを開けません。'd3dx9.h':No such file or directory
  particle.cpp
c:\users\student\desktop\project00\project\code\main.h(15): fatal error C1083: include ファイルを開けません。'd3dx9.h':No such file or directory
  pause.cpp
c:\users\student\desktop\project00\project\code\main.h(15): fatal error C1083: include ファイルを開けません。'd3dx9.h':No such file or directory
  player.cpp
c:\users\student\desktop\project00\project\code\main.h(15): fatal error C1083: include ファイルを開けません。'd3dx9.h':No such file or directory
  polygon.cpp
c:\users\student\desktop\project00\project\code\main.h(15): fatal error C1083: include ファイルを開けません。'd3dx9.h':No such file or directory
  precompile.cpp
c:\users\student\desktop\project00\project\code\main.h(15): fatal error C1083: include ファイルを開けません。'd3dx9.h':No such file or directory
  ranking.cpp
c:\users\student\desktop\project00\project\code\main.h(15): fatal error C1083: include ファイルを開けません。'd3dx9.h':No such file or directory
  renderer.cpp
c:\users\student\desktop\project00\project\code\main.h(15): fatal error C1083: include ファイルを開けません。'd3dx9.h':No such file or directory
  result.cpp
c:\users\student\desktop\project00\project\code\main.h(15): fatal error C1083: include ファイルを開けません。'd3dx9.h':No such file or directory
  score.cpp
c:\users\student\desktop\project00\project\code\main.h(15): fatal error C1083: include ファイルを開けません。'd3dx9.h':No such file or directory
  sound.cpp
c:\users\student\desktop\project00\project\code\main.h(15): fatal error C1083: include ファイルを開けません。'd3dx9.h':No such file or directory
  コンパイル中...
  texture.cpp
c:\users\student\desktop\project00\project\code\main.h(15): fatal error C1083: include ファイルを開けません。'd3dx9.h':No such file or directory
  time.cpp
c:\users\student\desktop\project00\project\code\main.h(15): fatal error C1083: include ファイルを開けません。'd3dx9.h':No such file or directory
  title.cpp
c:\users\student\desktop\project00\project\code\main.h(15): fatal error C1083: include ファイルを開けません。'd3dx9.h':No such file or directory
  titleTex.cpp
c:\users\student\desktop\project00\project\code\main.h(15): fatal error C1083: include ファイルを開けません。'd3dx9.h':No such file or directory
  tutrial.cpp
c:\users\student\desktop\project00\project\code\main.h(15): fatal error C1083: include ファイルを開けません。'd3dx9.h':No such file or directory
  wall.cpp
c:\users\student\desktop\project00\project\code\main.h(15): fatal error C1083: include ファイルを開けません。'd3dx9.h':No such file or directory
